Determining if the pthread_create exist failed with the following output:
Change Dir: /home/pi/Threaded_Classes/build/CMakeFiles/CMakeTmp

Run Build Command:"/usr/bin/make" "cmTC_87ceb/fast"
/usr/bin/make -f CMakeFiles/cmTC_87ceb.dir/build.make CMakeFiles/cmTC_87ceb.dir/build
make[1]: Entering directory '/home/pi/Threaded_Classes/build/CMakeFiles/CMakeTmp'
Building C object CMakeFiles/cmTC_87ceb.dir/CheckSymbolExists.c.o
/usr/bin/cc     -o CMakeFiles/cmTC_87ceb.dir/CheckSymbolExists.c.o   -c /home/pi/Threaded_Classes/build/CMakeFiles/CMakeTmp/CheckSymbolExists.c
Linking C executable cmTC_87ceb
/usr/bin/cmake -E cmake_link_script CMakeFiles/cmTC_87ceb.dir/link.txt --verbose=1
/usr/bin/cc       CMakeFiles/cmTC_87ceb.dir/CheckSymbolExists.c.o  -o cmTC_87ceb -rdynamic 
CMakeFiles/cmTC_87ceb.dir/CheckSymbolExists.c.o: In function `main':
CheckSymbolExists.c:(.text+0x38): undefined reference to `pthread_create'
collect2: error: ld returned 1 exit status
CMakeFiles/cmTC_87ceb.dir/build.make:97: recipe for target 'cmTC_87ceb' failed
make[1]: *** [cmTC_87ceb] Error 1
make[1]: Leaving directory '/home/pi/Threaded_Classes/build/CMakeFiles/CMakeTmp'
Makefile:126: recipe for target 'cmTC_87ceb/fast' failed
make: *** [cmTC_87ceb/fast] Error 2

File /home/pi/Threaded_Classes/build/CMakeFiles/CMakeTmp/CheckSymbolExists.c:
/* */
#include <pthread.h>

int main(int argc, char** argv)
{
  (void)argv;
#ifndef pthread_create
  return ((int*)(&pthread_create))[argc];
#else
  (void)argc;
  return 0;
#endif
}

Determining if the function pthread_create exists in the pthreads failed with the following output:
Change Dir: /home/pi/Threaded_Classes/build/CMakeFiles/CMakeTmp

Run Build Command:"/usr/bin/make" "cmTC_04bd7/fast"
/usr/bin/make -f CMakeFiles/cmTC_04bd7.dir/build.make CMakeFiles/cmTC_04bd7.dir/build
make[1]: Entering directory '/home/pi/Threaded_Classes/build/CMakeFiles/CMakeTmp'
Building C object CMakeFiles/cmTC_04bd7.dir/CheckFunctionExists.c.o
/usr/bin/cc    -DCHECK_FUNCTION_EXISTS=pthread_create   -o CMakeFiles/cmTC_04bd7.dir/CheckFunctionExists.c.o   -c /usr/share/cmake-3.7/Modules/CheckFunctionExists.c
Linking C executable cmTC_04bd7
/usr/bin/cmake -E cmake_link_script CMakeFiles/cmTC_04bd7.dir/link.txt --verbose=1
/usr/bin/cc   -DCHECK_FUNCTION_EXISTS=pthread_create    CMakeFiles/cmTC_04bd7.dir/CheckFunctionExists.c.o  -o cmTC_04bd7 -rdynamic -lpthreads 
/usr/bin/ld: cannot find -lpthreads
collect2: error: ld returned 1 exit status
CMakeFiles/cmTC_04bd7.dir/build.make:97: recipe for target 'cmTC_04bd7' failed
make[1]: *** [cmTC_04bd7] Error 1
make[1]: Leaving directory '/home/pi/Threaded_Classes/build/CMakeFiles/CMakeTmp'
Makefile:126: recipe for target 'cmTC_04bd7/fast' failed
make: *** [cmTC_04bd7/fast] Error 2


