Determining if the pthread_create exist failed with the following output:
Change Dir: /home/pi/Threaded_Classes/build/CMakeFiles/CMakeTmp

Run Build Command:"/usr/bin/make" "cmTC_782b1/fast"
/usr/bin/make -f CMakeFiles/cmTC_782b1.dir/build.make CMakeFiles/cmTC_782b1.dir/build
make[1]: Entering directory '/home/pi/Threaded_Classes/build/CMakeFiles/CMakeTmp'
Building C object CMakeFiles/cmTC_782b1.dir/CheckSymbolExists.c.o
/usr/bin/cc     -o CMakeFiles/cmTC_782b1.dir/CheckSymbolExists.c.o   -c /home/pi/Threaded_Classes/build/CMakeFiles/CMakeTmp/CheckSymbolExists.c
Linking C executable cmTC_782b1
/usr/bin/cmake -E cmake_link_script CMakeFiles/cmTC_782b1.dir/link.txt --verbose=1
/usr/bin/cc       CMakeFiles/cmTC_782b1.dir/CheckSymbolExists.c.o  -o cmTC_782b1 -rdynamic 
CMakeFiles/cmTC_782b1.dir/CheckSymbolExists.c.o: In function `main':
CheckSymbolExists.c:(.text+0x38): undefined reference to `pthread_create'
collect2: error: ld returned 1 exit status
CMakeFiles/cmTC_782b1.dir/build.make:97: recipe for target 'cmTC_782b1' failed
make[1]: *** [cmTC_782b1] Error 1
make[1]: Leaving directory '/home/pi/Threaded_Classes/build/CMakeFiles/CMakeTmp'
Makefile:126: recipe for target 'cmTC_782b1/fast' failed
make: *** [cmTC_782b1/fast] Error 2

File /home/pi/Threaded_Classes/build/CMakeFiles/CMakeTmp/CheckSymbolExists.c:
/* */
#include <pthread.h>

int main(int argc, char** argv)
{
  (void)argv;
#ifndef pthread_create
  return ((int*)(&pthread_create))[argc];
#else
  (void)argc;
  return 0;
#endif
}

Determining if the function pthread_create exists in the pthreads failed with the following output:
Change Dir: /home/pi/Threaded_Classes/build/CMakeFiles/CMakeTmp

Run Build Command:"/usr/bin/make" "cmTC_ee09e/fast"
/usr/bin/make -f CMakeFiles/cmTC_ee09e.dir/build.make CMakeFiles/cmTC_ee09e.dir/build
make[1]: Entering directory '/home/pi/Threaded_Classes/build/CMakeFiles/CMakeTmp'
Building C object CMakeFiles/cmTC_ee09e.dir/CheckFunctionExists.c.o
/usr/bin/cc    -DCHECK_FUNCTION_EXISTS=pthread_create   -o CMakeFiles/cmTC_ee09e.dir/CheckFunctionExists.c.o   -c /usr/share/cmake-3.7/Modules/CheckFunctionExists.c
Linking C executable cmTC_ee09e
/usr/bin/cmake -E cmake_link_script CMakeFiles/cmTC_ee09e.dir/link.txt --verbose=1
/usr/bin/cc   -DCHECK_FUNCTION_EXISTS=pthread_create    CMakeFiles/cmTC_ee09e.dir/CheckFunctionExists.c.o  -o cmTC_ee09e -rdynamic -lpthreads 
/usr/bin/ld: cannot find -lpthreads
collect2: error: ld returned 1 exit status
CMakeFiles/cmTC_ee09e.dir/build.make:97: recipe for target 'cmTC_ee09e' failed
make[1]: *** [cmTC_ee09e] Error 1
make[1]: Leaving directory '/home/pi/Threaded_Classes/build/CMakeFiles/CMakeTmp'
Makefile:126: recipe for target 'cmTC_ee09e/fast' failed
make: *** [cmTC_ee09e/fast] Error 2


